<?xml version="1.0" encoding="UTF-8"?>
<testsuite xmlns:xsi="http://www.w3.org/2001/XMLSchema-instance" xsi:noNamespaceSchemaLocation="https://maven.apache.org/surefire/maven-surefire-plugin/xsd/surefire-test-report.xsd" version="3.0.2" name="com.nimeshkmr.core.OrderBookEventTest" time="0.177" tests="4" errors="0" skipped="0" failures="0">
  <properties>
[...]
</properties>
  <testcase name="matchingProducesTradeExecutedEvent" classname="com.nimeshkmr.core.OrderBookEventTest" time="0.101"/>
  <testcase name="acceptedOrderProducesOrderAcceptedEvent" classname="com.nimeshkmr.core.OrderBookEventTest" time="0.003"/>
  <testcase name="marketOrderProducesTradeExecutedEvent" classname="com.nimeshkmr.core.OrderBookEventTest" time="0.003"/>
  <testcase name="partialFillProducesCorrectTradeEvent" classname="com.nimeshkmr.core.OrderBookEventTest" time="0.003"/>
</testsuite>